<?xml version="1.0" encoding="UTF-8"?>
<testng-results ignored="0" total="1" passed="1" failed="0" skipped="0">
  <reporter-output>
  </reporter-output>
  <suite started-at="2023-11-03T09:43:04 IST" name="Default suite" finished-at="2023-11-03T09:43:36 IST" duration-ms="31656">
    <groups>
    </groups>
    <test started-at="2023-11-03T09:43:04 IST" name="Default test" finished-at="2023-11-03T09:43:36 IST" duration-ms="31656">
      <class name="com.Login.DemoBookMyShow">
        <test-method signature="test1()[pri:0, instance:com.Login.DemoBookMyShow@ef9296d]" started-at="2023-11-03T09:43:04 IST" name="test1" finished-at="2023-11-03T09:43:36 IST" duration-ms="31571" status="PASS">
          <reporter-output>
          </reporter-output>
        </test-method> <!-- test1 -->
      </class> <!-- com.Login.DemoBookMyShow -->
    </test> <!-- Default test -->
  </suite> <!-- Default suite -->
</testng-results>
